<?xml version="1.0" encoding="UTF-8"?>
<!-- Generated by org.testng.reporters.JUnitReportReporter -->
<testsuite skipped="0" hostname="EPKZKARW0363" name="com.epam.unittesting.tests.MultCalculatorTest" tests="5" failures="0" timestamp="30 Oct 2017 08:02:44 GMT" time="0.004" errors="0">
  <testcase name="multTest" time="0.000" classname="com.epam.unittesting.tests.MultCalculatorTest"/>
  <testcase name="multTest" time="0.000" classname="com.epam.unittesting.tests.MultCalculatorTest"/>
  <testcase name="multTest" time="0.000" classname="com.epam.unittesting.tests.MultCalculatorTest"/>
  <testcase name="multTest" time="0.000" classname="com.epam.unittesting.tests.MultCalculatorTest"/>
  <testcase name="multTest" time="0.004" classname="com.epam.unittesting.tests.MultCalculatorTest"/>
</testsuite> <!-- com.epam.unittesting.tests.MultCalculatorTest -->
