<?xml version="1.0" encoding="UTF-8"?>
<!-- Generated by org.testng.reporters.JUnitReportReporter -->
<testsuite skipped="0" hostname="EPKZKARW0363" name="com.epam.unittesting.tests.SumCalculatorTest" tests="6" failures="0" timestamp="30 Oct 2017 08:02:44 GMT" time="0.005" errors="0">
  <testcase name="testSum" time="0.000" classname="com.epam.unittesting.tests.SumCalculatorTest"/>
  <testcase name="testSum" time="0.000" classname="com.epam.unittesting.tests.SumCalculatorTest"/>
  <testcase name="testSum1" time="0.003" classname="com.epam.unittesting.tests.SumCalculatorTest"/>
  <testcase name="testSum1" time="0.000" classname="com.epam.unittesting.tests.SumCalculatorTest"/>
  <testcase name="testSum" time="0.001" classname="com.epam.unittesting.tests.SumCalculatorTest"/>
  <testcase name="testSum1" time="0.001" classname="com.epam.unittesting.tests.SumCalculatorTest"/>
</testsuite> <!-- com.epam.unittesting.tests.SumCalculatorTest -->
