<?xml version="1.0" encoding="UTF-8"?>
<!-- Generated by org.testng.reporters.JUnitReportReporter -->
<testsuite skipped="0" hostname="EPKZKARW0363" name="com.epam.unittesting.tests.PowCalculatorTest" tests="7" failures="0" timestamp="30 Oct 2017 08:02:44 GMT" time="0.011" errors="0">
  <testcase name="powTest" time="0.000" classname="com.epam.unittesting.tests.PowCalculatorTest"/>
  <testcase name="powTest" time="0.000" classname="com.epam.unittesting.tests.PowCalculatorTest"/>
  <testcase name="powTest" time="0.000" classname="com.epam.unittesting.tests.PowCalculatorTest"/>
  <testcase name="powTest" time="0.000" classname="com.epam.unittesting.tests.PowCalculatorTest"/>
  <testcase name="powTest" time="0.011" classname="com.epam.unittesting.tests.PowCalculatorTest"/>
  <testcase name="powTest" time="0.000" classname="com.epam.unittesting.tests.PowCalculatorTest"/>
  <testcase name="powTest" time="0.000" classname="com.epam.unittesting.tests.PowCalculatorTest"/>
</testsuite> <!-- com.epam.unittesting.tests.PowCalculatorTest -->
