<?xml version="1.0" encoding="UTF-8"?>
<!-- Generated by org.testng.reporters.JUnitReportReporter -->
<testsuite skipped="0" hostname="EPKZKARW0363" name="com.epam.unittesting.tests.DivCalculatorTest" tests="7" failures="0" timestamp="30 Oct 2017 08:02:44 GMT" time="0.011" errors="0">
  <testcase name="divTest" time="0.000" classname="com.epam.unittesting.tests.DivCalculatorTest"/>
  <testcase name="divTest" time="0.000" classname="com.epam.unittesting.tests.DivCalculatorTest"/>
  <testcase name="divTest" time="0.000" classname="com.epam.unittesting.tests.DivCalculatorTest"/>
  <testcase name="divTest" time="0.000" classname="com.epam.unittesting.tests.DivCalculatorTest"/>
  <testcase name="divTest" time="0.000" classname="com.epam.unittesting.tests.DivCalculatorTest"/>
  <testcase name="divTest" time="0.006" classname="com.epam.unittesting.tests.DivCalculatorTest"/>
  <testcase name="divTest" time="0.005" classname="com.epam.unittesting.tests.DivCalculatorTest"/>
</testsuite> <!-- com.epam.unittesting.tests.DivCalculatorTest -->
