<?xml version="1.0" encoding="UTF-8"?>
<!-- Generated by org.testng.reporters.JUnitReportReporter -->
<testsuite skipped="0" hostname="EPKZKARW0363" name="com.epam.unittesting.tests.SqrtCalculatorTest" tests="6" failures="0" timestamp="30 Oct 2017 08:02:44 GMT" time="0.002" errors="0">
  <testcase name="sqrtTest" time="0.001" classname="com.epam.unittesting.tests.SqrtCalculatorTest"/>
  <testcase name="sqrtTest" time="0.000" classname="com.epam.unittesting.tests.SqrtCalculatorTest"/>
  <testcase name="sqrtTest" time="0.000" classname="com.epam.unittesting.tests.SqrtCalculatorTest"/>
  <testcase name="sqrtTest" time="0.000" classname="com.epam.unittesting.tests.SqrtCalculatorTest"/>
  <testcase name="sqrtTest" time="0.001" classname="com.epam.unittesting.tests.SqrtCalculatorTest"/>
  <testcase name="sqrtTest" time="0.000" classname="com.epam.unittesting.tests.SqrtCalculatorTest"/>
</testsuite> <!-- com.epam.unittesting.tests.SqrtCalculatorTest -->
